Created At "2024_07_09__23_51_56"





----------------------------------[ Listing all Files ]-----------------------------------
total 388K
drwxr-xr-x  5 yarne yarne 4.0K Jul  9 23:35 ./
drwxr-x--- 21 yarne yarne 320K Jul  9 22:07 ../
drwxr-xr-x  2 yarne yarne 4.0K Jul  9 23:35 C/
drwxr-xr-x  3 yarne yarne 4.0K Jul  9 19:32 LATEX/
-rw-r--r--  1 yarne yarne  752 Jul  9 23:51 Meeting1.cpp
drwxr-xr-x  5 yarne yarne 4.0K Jul  9 23:51 OUTPUT/
-rwxr-xr-x  1 yarne yarne 6.0K Jul  9 23:35 run1.sh*
-rw-r--r--  1 yarne yarne 5.4K Jul  9 19:02 test.cpp
-rw-r--r--  1 yarne yarne  633 Jun 27 23:21 test.f90
-rw-r--r--  1 yarne yarne 1.4K Jul  9 18:54 test.log
-rw-r--r--  1 yarne yarne 2.4K Jun 20 00:02 test.py
-rw-r--r--  1 yarne yarne 6.9K Jul  9 18:02 test.sty
-rw-r--r--  1 yarne yarne  417 Jul  9 18:30 test.tex
-rw-r--r--  1 yarne yarne  651 Jan 30  2023 vb_21.tex





----------------------------------[ C part right here ]-----------------------------------
Meeting1.cpp                                                                       Compile
Meeting1.cpp: In constructor ‘LWE::LWE()’:
Meeting1.cpp:39:30: error: no match for ‘operator==’ (operand types are ‘std::basic_ostream<char>’ and ‘int’)
   39 |             cout << a[i] << i==0? ", " : ", ";
      |             ~~~~~~~~~~~~~~~~~^~~
      |                          |     |
      |                          |     int
      |                          std::basic_ostream<char>
Meeting1.cpp:39:30: note: candidate: ‘operator==(int, int)’ (built-in)
   39 |             cout << a[i] << i==0? ", " : ", ";
      |             ~~~~~~~~~~~~~~~~~^~~
Meeting1.cpp:39:30: note:   no known conversion for argument 1 from ‘std::basic_ostream<char>’ to ‘int’
In file included from /usr/include/c++/11/iosfwd:40,
                 from /usr/include/c++/11/ios:38,
                 from /usr/include/c++/11/ostream:38,
                 from /usr/include/c++/11/iostream:39,
                 from Meeting1.cpp:1:
/usr/include/c++/11/bits/postypes.h:222:5: note: candidate: ‘template<class _StateT> bool std::operator==(const std::fpos<_StateT>&, const std::fpos<_StateT>&)’
  222 |     operator==(const fpos<_StateT>& __lhs, const fpos<_StateT>& __rhs)
      |     ^~~~~~~~
/usr/include/c++/11/bits/postypes.h:222:5: note:   template argument deduction/substitution failed:
Meeting1.cpp:39:32: note:   ‘std::basic_ostream<char>’ is not derived from ‘const std::fpos<_StateT>’
   39 |             cout << a[i] << i==0? ", " : ", ";
      |                                ^
In file included from /usr/include/c++/11/bits/stl_algobase.h:64,
                 from /usr/include/c++/11/bits/char_traits.h:39,
                 from /usr/include/c++/11/ios:40,
                 from /usr/include/c++/11/ostream:38,
                 from /usr/include/c++/11/iostream:39,
                 from Meeting1.cpp:1:
/usr/include/c++/11/bits/stl_pair.h:466:5: note: candidate: ‘template<class _T1, class _T2> constexpr bool std::operator==(const std::pair<_T1, _T2>&, const std::pair<_T1, _T2>&)’
  466 |     operator==(const pair<_T1, _T2>& __x, const pair<_T1, _T2>& __y)
      |     ^~~~~~~~
/usr/include/c++/11/bits/stl_pair.h:466:5: note:   template argument deduction/substitution failed:
Meeting1.cpp:39:32: note:   ‘std::basic_ostream<char>’ is not derived from ‘const std::pair<_T1, _T2>’
   39 |             cout << a[i] << i==0? ", " : ", ";
      |                                ^
In file included from /usr/include/c++/11/bits/stl_algobase.h:67,
                 from /usr/include/c++/11/bits/char_traits.h:39,
                 from /usr/include/c++/11/ios:40,
                 from /usr/include/c++/11/ostream:38,
                 from /usr/include/c++/11/iostream:39,
                 from Meeting1.cpp:1:
/usr/include/c++/11/bits/stl_iterator.h:420:5: note: candidate: ‘template<class _Iterator> constexpr bool std::operator==(const std::reverse_iterator<_Iterator>&, const std::reverse_iterator<_Iterator>&)’
  420 |     operator==(const reverse_iterator<_Iterator>& __x,
      |     ^~~~~~~~
/usr/include/c++/11/bits/stl_iterator.h:420:5: note:   template argument deduction/substitution failed:
Meeting1.cpp:39:32: note:   ‘std::basic_ostream<char>’ is not derived from ‘const std::reverse_iterator<_Iterator>’
   39 |             cout << a[i] << i==0? ", " : ", ";
      |                                ^
In file included from /usr/include/c++/11/bits/stl_algobase.h:67,
                 from /usr/include/c++/11/bits/char_traits.h:39,
                 from /usr/include/c++/11/ios:40,
                 from /usr/include/c++/11/ostream:38,
                 from /usr/include/c++/11/iostream:39,
                 from Meeting1.cpp:1:
/usr/include/c++/11/bits/stl_iterator.h:459:5: note: candidate: ‘template<class _IteratorL, class _IteratorR> constexpr bool std::operator==(const std::reverse_iterator<_Iterator>&, const std::reverse_iterator<_IteratorR>&)’
  459 |     operator==(const reverse_iterator<_IteratorL>& __x,
      |     ^~~~~~~~
/usr/include/c++/11/bits/stl_iterator.h:459:5: note:   template argument deduction/substitution failed:
Meeting1.cpp:39:32: note:   ‘std::basic_ostream<char>’ is not derived from ‘const std::reverse_iterator<_Iterator>’
   39 |             cout << a[i] << i==0? ", " : ", ";
      |                                ^
In file included from /usr/include/c++/11/bits/stl_algobase.h:67,
                 from /usr/include/c++/11/bits/char_traits.h:39,
                 from /usr/include/c++/11/ios:40,
                 from /usr/include/c++/11/ostream:38,
                 from /usr/include/c++/11/iostream:39,
                 from Meeting1.cpp:1:
/usr/include/c++/11/bits/stl_iterator.h:1585:5: note: candidate: ‘template<class _IteratorL, class _IteratorR> constexpr bool std::operator==(const std::move_iterator<_IteratorL>&, const std::move_iterator<_IteratorR>&)’
 1585 |     operator==(const move_iterator<_IteratorL>& __x,
      |     ^~~~~~~~
/usr/include/c++/11/bits/stl_iterator.h:1585:5: note:   template argument deduction/substitution failed:
Meeting1.cpp:39:32: note:   ‘std::basic_ostream<char>’ is not derived from ‘const std::move_iterator<_IteratorL>’
   39 |             cout << a[i] << i==0? ", " : ", ";
      |                                ^
In file included from /usr/include/c++/11/bits/stl_algobase.h:67,
                 from /usr/include/c++/11/bits/char_traits.h:39,
                 from /usr/include/c++/11/ios:40,
                 from /usr/include/c++/11/ostream:38,
                 from /usr/include/c++/11/iostream:39,
                 from Meeting1.cpp:1:
/usr/include/c++/11/bits/stl_iterator.h:1648:5: note: candidate: ‘template<class _Iterator> constexpr bool std::operator==(const std::move_iterator<_IteratorL>&, const std::move_iterator<_IteratorL>&)’
 1648 |     operator==(const move_iterator<_Iterator>& __x,
      |     ^~~~~~~~
/usr/include/c++/11/bits/stl_iterator.h:1648:5: note:   template argument deduction/substitution failed:
Meeting1.cpp:39:32: note:   ‘std::basic_ostream<char>’ is not derived from ‘const std::move_iterator<_IteratorL>’
   39 |             cout << a[i] << i==0? ", " : ", ";
      |                                ^
In file included from /usr/include/c++/11/string:41,
                 from /usr/include/c++/11/bits/locale_classes.h:40,
                 from /usr/include/c++/11/bits/ios_base.h:41,
                 from /usr/include/c++/11/ios:42,
                 from /usr/include/c++/11/ostream:38,
                 from /usr/include/c++/11/iostream:39,
                 from Meeting1.cpp:1:
/usr/include/c++/11/bits/allocator.h:218:5: note: candidate: ‘template<class _T1, class _T2> bool std::operator==(const std::allocator<_CharT>&, const std::allocator<_T2>&)’
  218 |     operator==(const allocator<_T1>&, const allocator<_T2>&)
      |     ^~~~~~~~
/usr/include/c++/11/bits/allocator.h:218:5: note:   template argument deduction/substitution failed:
Meeting1.cpp:39:32: note:   ‘std::basic_ostream<char>’ is not derived from ‘const std::allocator<_CharT>’
   39 |             cout << a[i] << i==0? ", " : ", ";
      |                                ^
In file included from /usr/include/c++/11/bits/basic_string.h:48,
                 from /usr/include/c++/11/string:55,
                 from /usr/include/c++/11/bits/locale_classes.h:40,
                 from /usr/include/c++/11/bits/ios_base.h:41,
                 from /usr/include/c++/11/ios:42,
                 from /usr/include/c++/11/ostream:38,
                 from /usr/include/c++/11/iostream:39,
                 from Meeting1.cpp:1:
/usr/include/c++/11/string_view:535:5: note: candidate: ‘template<class _CharT, class _Traits> constexpr bool std::operator==(std::basic_string_view<_CharT, _Traits>, std::basic_string_view<_CharT, _Traits>)’
  535 |     operator==(basic_string_view<_CharT, _Traits> __x,
      |     ^~~~~~~~
/usr/include/c++/11/string_view:535:5: note:   template argument deduction/substitution failed:
Meeting1.cpp:39:32: note:   ‘std::basic_ostream<char>’ is not derived from ‘std::basic_string_view<_CharT, _Traits>’
   39 |             cout << a[i] << i==0? ", " : ", ";
      |                                ^
In file included from /usr/include/c++/11/bits/basic_string.h:48,
                 from /usr/include/c++/11/string:55,
                 from /usr/include/c++/11/bits/locale_classes.h:40,
                 from /usr/include/c++/11/bits/ios_base.h:41,
                 from /usr/include/c++/11/ios:42,
                 from /usr/include/c++/11/ostream:38,
                 from /usr/include/c++/11/iostream:39,
                 from Meeting1.cpp:1:
/usr/include/c++/11/string_view:541:5: note: candidate: ‘template<class _CharT, class _Traits> constexpr bool std::operator==(std::basic_string_view<_CharT, _Traits>, std::__type_identity_t<std::basic_string_view<_CharT, _Traits> >)’
  541 |     operator==(basic_string_view<_CharT, _Traits> __x,
      |     ^~~~~~~~
/usr/include/c++/11/string_view:541:5: note:   template argument deduction/substitution failed:
Meeting1.cpp:39:32: note:   ‘std::basic_ostream<char>’ is not derived from ‘std::basic_string_view<_CharT, _Traits>’
   39 |             cout << a[i] << i==0? ", " : ", ";
      |                                ^
In file included from /usr/include/c++/11/bits/basic_string.h:48,
                 from /usr/include/c++/11/string:55,
                 from /usr/include/c++/11/bits/locale_classes.h:40,
                 from /usr/include/c++/11/bits/ios_base.h:41,
                 from /usr/include/c++/11/ios:42,
                 from /usr/include/c++/11/ostream:38,
                 from /usr/include/c++/11/iostream:39,
                 from Meeting1.cpp:1:
/usr/include/c++/11/string_view:564:5: note: candidate: ‘template<class _CharT, class _Traits> constexpr bool std::operator==(std::__type_identity_t<std::basic_string_view<_CharT, _Traits> >, std::basic_string_view<_CharT, _Traits>)’
  564 |     operator==(__type_identity_t<basic_string_view<_CharT, _Traits>> __x,
      |     ^~~~~~~~
/usr/include/c++/11/string_view:564:5: note:   template argument deduction/substitution failed:
Meeting1.cpp:39:32: note:   mismatched types ‘std::basic_string_view<_CharT, _Traits>’ and ‘int’
   39 |             cout << a[i] << i==0? ", " : ", ";
      |                                ^
In file included from /usr/include/c++/11/string:55,
                 from /usr/include/c++/11/bits/locale_classes.h:40,
                 from /usr/include/c++/11/bits/ios_base.h:41,
                 from /usr/include/c++/11/ios:42,
                 from /usr/include/c++/11/ostream:38,
                 from /usr/include/c++/11/iostream:39,
                 from Meeting1.cpp:1:
/usr/include/c++/11/bits/basic_string.h:6226:5: note: candidate: ‘template<class _CharT, class _Traits, class _Alloc> bool std::operator==(const std::__cxx11::basic_string<_CharT, _Traits, _Allocator>&, const std::__cxx11::basic_string<_CharT, _Traits, _Allocator>&)’
 6226 |     operator==(const basic_string<_CharT, _Traits, _Alloc>& __lhs,
      |     ^~~~~~~~
/usr/include/c++/11/bits/basic_string.h:6226:5: note:   template argument deduction/substitution failed:
Meeting1.cpp:39:32: note:   ‘std::basic_ostream<char>’ is not derived from ‘const std::__cxx11::basic_string<_CharT, _Traits, _Allocator>’
   39 |             cout << a[i] << i==0? ", " : ", ";
      |                                ^
In file included from /usr/include/c++/11/string:55,
                 from /usr/include/c++/11/bits/locale_classes.h:40,
                 from /usr/include/c++/11/bits/ios_base.h:41,
                 from /usr/include/c++/11/ios:42,
                 from /usr/include/c++/11/ostream:38,
                 from /usr/include/c++/11/iostream:39,
                 from Meeting1.cpp:1:
/usr/include/c++/11/bits/basic_string.h:6234:5: note: candidate: ‘template<class _CharT> typename __gnu_cxx::__enable_if<std::__is_char<_Tp>::__value, bool>::__type std::operator==(const std::__cxx11::basic_string<_CharT>&, const std::__cxx11::basic_string<_CharT>&)’
 6234 |     operator==(const basic_string<_CharT>& __lhs,
      |     ^~~~~~~~
/usr/include/c++/11/bits/basic_string.h:6234:5: note:   template argument deduction/substitution failed:
Meeting1.cpp:39:32: note:   ‘std::basic_ostream<char>’ is not derived from ‘const std::__cxx11::basic_string<_CharT>’
   39 |             cout << a[i] << i==0? ", " : ", ";
      |                                ^
In file included from /usr/include/c++/11/string:55,
                 from /usr/include/c++/11/bits/locale_classes.h:40,
                 from /usr/include/c++/11/bits/ios_base.h:41,
                 from /usr/include/c++/11/ios:42,
                 from /usr/include/c++/11/ostream:38,
                 from /usr/include/c++/11/iostream:39,
                 from Meeting1.cpp:1:
/usr/include/c++/11/bits/basic_string.h:6248:5: note: candidate: ‘template<class _CharT, class _Traits, class _Alloc> bool std::operator==(const std::__cxx11::basic_string<_CharT, _Traits, _Allocator>&, const _CharT*)’
 6248 |     operator==(const basic_string<_CharT, _Traits, _Alloc>& __lhs,
      |     ^~~~~~~~
/usr/include/c++/11/bits/basic_string.h:6248:5: note:   template argument deduction/substitution failed:
Meeting1.cpp:39:32: note:   ‘std::basic_ostream<char>’ is not derived from ‘const std::__cxx11::basic_string<_CharT, _Traits, _Allocator>’
   39 |             cout << a[i] << i==0? ", " : ", ";
      |                                ^
In file included from /usr/include/c++/11/string:55,
                 from /usr/include/c++/11/bits/locale_classes.h:40,
                 from /usr/include/c++/11/bits/ios_base.h:41,
                 from /usr/include/c++/11/ios:42,
                 from /usr/include/c++/11/ostream:38,
                 from /usr/include/c++/11/iostream:39,
                 from Meeting1.cpp:1:
/usr/include/c++/11/bits/basic_string.h:6289:5: note: candidate: ‘template<class _CharT, class _Traits, class _Alloc> bool std::operator==(const _CharT*, const std::__cxx11::basic_string<_CharT, _Traits, _Allocator>&)’
 6289 |     operator==(const _CharT* __lhs,
      |     ^~~~~~~~
/usr/include/c++/11/bits/basic_string.h:6289:5: note:   template argument deduction/substitution failed:
Meeting1.cpp:39:32: note:   mismatched types ‘const _CharT*’ and ‘std::basic_ostream<char>’
   39 |             cout << a[i] << i==0? ", " : ", ";
      |                                ^
In file included from /usr/include/c++/11/bits/locale_facets.h:48,
                 from /usr/include/c++/11/bits/basic_ios.h:37,
                 from /usr/include/c++/11/ios:44,
                 from /usr/include/c++/11/ostream:38,
                 from /usr/include/c++/11/iostream:39,
                 from Meeting1.cpp:1:
/usr/include/c++/11/bits/streambuf_iterator.h:226:5: note: candidate: ‘template<class _CharT, class _Traits> bool std::operator==(const std::istreambuf_iterator<_CharT, _Traits>&, const std::istreambuf_iterator<_CharT, _Traits>&)’
  226 |     operator==(const istreambuf_iterator<_CharT, _Traits>& __a,
      |     ^~~~~~~~
/usr/include/c++/11/bits/streambuf_iterator.h:226:5: note:   template argument deduction/substitution failed:
Meeting1.cpp:39:32: note:   ‘std::basic_ostream<char>’ is not derived from ‘const std::istreambuf_iterator<_CharT, _Traits>’
   39 |             cout << a[i] << i==0? ", " : ", ";
      |                                ^
In file included from /usr/include/c++/11/vector:67,
                 from Meeting1.cpp:2:
/usr/include/c++/11/bits/stl_vector.h:1892:5: note: candidate: ‘template<class _Tp, class _Alloc> bool std::operator==(const std::vector<_Tp, _Alloc>&, const std::vector<_Tp, _Alloc>&)’
 1892 |     operator==(const vector<_Tp, _Alloc>& __x, const vector<_Tp, _Alloc>& __y)
      |     ^~~~~~~~
/usr/include/c++/11/bits/stl_vector.h:1892:5: note:   template argument deduction/substitution failed:
Meeting1.cpp:39:32: note:   ‘std::basic_ostream<char>’ is not derived from ‘const std::vector<_Tp, _Alloc>’
   39 |             cout << a[i] << i==0? ", " : ", ";
      |                                ^
In file included from /usr/include/c++/11/tuple:39,
                 from /usr/include/c++/11/bits/unique_ptr.h:37,
                 from /usr/include/c++/11/bits/locale_conv.h:41,
                 from /usr/include/c++/11/locale:43,
                 from /usr/include/c++/11/iomanip:43,
                 from Meeting1.cpp:4:
/usr/include/c++/11/array:276:5: note: candidate: ‘template<class _Tp, long unsigned int _Nm> bool std::operator==(const std::array<_Tp, _Nm>&, const std::array<_Tp, _Nm>&)’
  276 |     operator==(const array<_Tp, _Nm>& __one, const array<_Tp, _Nm>& __two)
      |     ^~~~~~~~
/usr/include/c++/11/array:276:5: note:   template argument deduction/substitution failed:
Meeting1.cpp:39:32: note:   ‘std::basic_ostream<char>’ is not derived from ‘const std::array<_Tp, _Nm>’
   39 |             cout << a[i] << i==0? ", " : ", ";
      |                                ^
In file included from /usr/include/c++/11/bits/unique_ptr.h:37,
                 from /usr/include/c++/11/bits/locale_conv.h:41,
                 from /usr/include/c++/11/locale:43,
                 from /usr/include/c++/11/iomanip:43,
                 from Meeting1.cpp:4:
/usr/include/c++/11/tuple:1524:5: note: candidate: ‘template<class ... _TElements, class ... _UElements> constexpr bool std::operator==(const std::tuple<_Tps ...>&, const std::tuple<_UTypes ...>&)’
 1524 |     operator==(const tuple<_TElements...>& __t,
      |     ^~~~~~~~
/usr/include/c++/11/tuple:1524:5: note:   template argument deduction/substitution failed:
Meeting1.cpp:39:32: note:   ‘std::basic_ostream<char>’ is not derived from ‘const std::tuple<_Tps ...>’
   39 |             cout << a[i] << i==0? ", " : ", ";
      |                                ^
In file included from /usr/include/c++/11/bits/locale_conv.h:41,
                 from /usr/include/c++/11/locale:43,
                 from /usr/include/c++/11/iomanip:43,
                 from Meeting1.cpp:4:
/usr/include/c++/11/bits/unique_ptr.h:753:5: note: candidate: ‘template<class _Tp, class _Dp, class _Up, class _Ep> bool std::operator==(const std::unique_ptr<_Tp, _Dp>&, const std::unique_ptr<_Up, _Ep>&)’
  753 |     operator==(const unique_ptr<_Tp, _Dp>& __x,
      |     ^~~~~~~~
/usr/include/c++/11/bits/unique_ptr.h:753:5: note:   template argument deduction/substitution failed:
Meeting1.cpp:39:32: note:   ‘std::basic_ostream<char>’ is not derived from ‘const std::unique_ptr<_Tp, _Dp>’
   39 |             cout << a[i] << i==0? ", " : ", ";
      |                                ^
In file included from /usr/include/c++/11/bits/locale_conv.h:41,
                 from /usr/include/c++/11/locale:43,
                 from /usr/include/c++/11/iomanip:43,
                 from Meeting1.cpp:4:
/usr/include/c++/11/bits/unique_ptr.h:760:5: note: candidate: ‘template<class _Tp, class _Dp> bool std::operator==(const std::unique_ptr<_Tp, _Dp>&, std::nullptr_t)’
  760 |     operator==(const unique_ptr<_Tp, _Dp>& __x, nullptr_t) noexcept
      |     ^~~~~~~~
/usr/include/c++/11/bits/unique_ptr.h:760:5: note:   template argument deduction/substitution failed:
Meeting1.cpp:39:32: note:   ‘std::basic_ostream<char>’ is not derived from ‘const std::unique_ptr<_Tp, _Dp>’
   39 |             cout << a[i] << i==0? ", " : ", ";
      |                                ^
In file included from /usr/include/c++/11/bits/locale_conv.h:41,
                 from /usr/include/c++/11/locale:43,
                 from /usr/include/c++/11/iomanip:43,
                 from Meeting1.cpp:4:
/usr/include/c++/11/bits/unique_ptr.h:767:5: note: candidate: ‘template<class _Tp, class _Dp> bool std::operator==(std::nullptr_t, const std::unique_ptr<_Tp, _Dp>&)’
  767 |     operator==(nullptr_t, const unique_ptr<_Tp, _Dp>& __x) noexcept
      |     ^~~~~~~~
/usr/include/c++/11/bits/unique_ptr.h:767:5: note:   template argument deduction/substitution failed:
Meeting1.cpp:39:32: note:   mismatched types ‘const std::unique_ptr<_Tp, _Dp>’ and ‘int’
   39 |             cout << a[i] << i==0? ", " : ", ";
      |                                ^
In file included from /usr/include/c++/11/bits/ios_base.h:46,
                 from /usr/include/c++/11/ios:42,
                 from /usr/include/c++/11/ostream:38,
                 from /usr/include/c++/11/iostream:39,
                 from Meeting1.cpp:1:
/usr/include/c++/11/system_error:362:3: note: candidate: ‘bool std::operator==(const std::error_code&, const std::error_code&)’
  362 |   operator==(const error_code& __lhs, const error_code& __rhs) noexcept
      |   ^~~~~~~~
/usr/include/c++/11/system_error:362:32: note:   no known conversion for argument 1 from ‘std::basic_ostream<char>’ to ‘const std::error_code&’
  362 |   operator==(const error_code& __lhs, const error_code& __rhs) noexcept
      |              ~~~~~~~~~~~~~~~~~~^~~~~
/usr/include/c++/11/system_error:368:3: note: candidate: ‘bool std::operator==(const std::error_code&, const std::error_condition&)’
  368 |   operator==(const error_code& __lhs, const error_condition& __rhs) noexcept
      |   ^~~~~~~~
/usr/include/c++/11/system_error:368:32: note:   no known conversion for argument 1 from ‘std::basic_ostream<char>’ to ‘const std::error_code&’
  368 |   operator==(const error_code& __lhs, const error_condition& __rhs) noexcept
      |              ~~~~~~~~~~~~~~~~~~^~~~~
/usr/include/c++/11/system_error:376:3: note: candidate: ‘bool std::operator==(const std::error_condition&, const std::error_condition&)’
  376 |   operator==(const error_condition& __lhs,
      |   ^~~~~~~~
/usr/include/c++/11/system_error:376:37: note:   no known conversion for argument 1 from ‘std::basic_ostream<char>’ to ‘const std::error_condition&’
  376 |   operator==(const error_condition& __lhs,
      |              ~~~~~~~~~~~~~~~~~~~~~~~^~~~~
/usr/include/c++/11/system_error:408:3: note: candidate: ‘bool std::operator==(const std::error_condition&, const std::error_code&)’
  408 |   operator==(const error_condition& __lhs, const error_code& __rhs) noexcept
      |   ^~~~~~~~
/usr/include/c++/11/system_error:408:37: note:   no known conversion for argument 1 from ‘std::basic_ostream<char>’ to ‘const std::error_condition&’
  408 |   operator==(const error_condition& __lhs, const error_code& __rhs) noexcept
      |              ~~~~~~~~~~~~~~~~~~~~~~~^~~~~





------------------------------------[ Simulatie-tijd ]------------------------------------
2024_07_09__23_51_56 -\> 2024_07_09__23_51_57:                                 00h 00m 01s
