Created At "2024_07_09__19_00_09"





----------------------------------[ Listing all Files ]-----------------------------------
total 456K
drwxr-xr-x  4 yarne yarne 4.0K Jul  9 18:54 ./
drwxr-x--- 21 yarne yarne 320K Jul  9 18:23 ../
drwxr-xr-x  6 yarne yarne 4.0K Jul  9 19:00 OUTPUT/
-rwxr-xr-x  1 yarne yarne  16K Jun 27 22:08 hello*
drwxr-xr-x  5 yarne yarne 4.0K Jun 17 14:34 hello-rust/
-rwxr-xr-x  1 yarne yarne  53K Jun 27 23:23 penmp*
-rwxr-xr-x  1 yarne yarne 5.6K Jul  9 18:59 run1.sh*
-rw-r--r--  1 yarne yarne 5.4K Jul  9 19:00 test.cpp
-rw-r--r--  1 yarne yarne  633 Jun 27 23:21 test.f90
-rw-r--r--  1 yarne yarne 1.4K Jul  9 18:54 test.log
-rw-r--r--  1 yarne yarne 2.4K Jun 20 00:02 test.py
-rw-r--r--  1 yarne yarne 6.9K Jul  9 18:02 test.sty
-rw-r--r--  1 yarne yarne  417 Jul  9 18:30 test.tex
-rw-r--r--  1 yarne yarne  844 Jul  9 18:14 texput.log
-rw-r--r--  1 yarne yarne  651 Jan 30  2023 vb_21.tex





----------------------------------[ C part right here ]-----------------------------------
test.cpp                                                                           Compile
test.cpp                                                                               Run
p,q: 103,41
n,phi: 4223,4080
g,lambda,mu: 4224, 4080,945

c,m:          1341978,                0               0
c,m:         12525005,                1               1
c,m:          8457428,                2               2
c,m:          4638009,                3               3
c,m:         13473081,                4               4
c,m:         13736291,                5               5
c,m:          4823621,                6               6
c,m:          5144463,                7               7
c,m:         15814616,                8               8
c,m:          6790683,                9               9
c,m:         14797651,               10              10
c,m:         16835313,               11              11
c,m:         16940180,               12              12
c,m:         13370669,               13              13
c,m:         12359660,               14              14
c,m:          2211337,               15              15
c,m:          9474642,               16              16
c,m:          7436173,               17              17
c,m:          6158780,               18              18
c,m:          7765901,               19              19
c,m:           658169,               20              20
c,m:          6253933,               21              21
c,m:          7675675,               22              22
c,m:          3983693,               23              23
c,m:          9259240,               24              24
c,m:          6404669,               25              25
c,m:          9281229,               26              26
c,m:         10529740,               27              27
c,m:         14290282,               28              28
c,m:             1915,               29              29
c,m:          6955734,               30              30
c,m:          5110236,               31              31
c,m:          5936100,               32              32
c,m:          2809701,               33              33
c,m:         14064551,               34              34
c,m:         13232039,               35              35
c,m:         12721182,               36              36
c,m:         12078299,               37              37
c,m:         16194190,               38              38
c,m:         12473011,               39              39
c,m:          6827542,               40              40
c,m:          6117993,               41              41
c,m:          3230484,               42              42
c,m:         11261409,               43              43
c,m:         15462908,               44              44
c,m:         16764696,               45              45
c,m:         16299713,               46              46
c,m:          3632780,               47              47
c,m:         15823404,               48              48
c,m:          9584097,               49              49
c,m:         10586283,               50              50
c,m:          1541707,               51              51
c,m:          9607830,               52              52
c,m:          5169614,               53              53
c,m:         16149225,               54              54
c,m:         12914493,               55              55
c,m:         15205339,               56              56
c,m:          2511850,               57              57
c,m:         16573756,               58              58
c,m:          7199104,               59              59
c,m:         12763552,               60              60
c,m:          9438665,               61              61
c,m:         10649396,               62              62
c,m:         14293899,               63              63
c,m:          6045905,               64              64
c,m:         16737645,               65              65
c,m:          1153087,               66              66
c,m:         16561848,               67              67
c,m:         16924520,               68              68
c,m:         17440191,               69              69
c,m:         11015739,               70              70
c,m:          9424556,               71              71
c,m:          5927409,               72              72
c,m:           790698,               73              73
c,m:          9468000,               74              74
c,m:          8681680,               75              75
c,m:          3567088,               76              76
c,m:          1419782,               77              77
c,m:         13245920,               78              78
c,m:         17136087,               79              79
c,m:          4471272,               80              80
c,m:         10430825,               81              81
c,m:         12708153,               82              82
c,m:          7788230,               83              83
c,m:         16186666,               84              84
c,m:          8205797,               85              85
c,m:         10532307,               86              86
c,m:          4801383,               87              87
c,m:          7585125,               88              88
c,m:          1642261,               89              89
c,m:          9207482,               90              90
c,m:          8827730,               91              91
c,m:         16475061,               92              92
c,m:          3716066,               93              93
c,m:          3942927,               94              94
c,m:          2443731,               95              95
c,m:          7823565,               96              96
c,m:         14825660,               97              97
c,m:          1101583,               98              98
c,m:          7223276,               99              99
c,m:          4853783,              100             100
c,m:         12333063,              101             101
c,m:          8555836,              102             102
c,m:         10740596,              103             103
c,m:          3216401,              104             104
c,m:         17381121,              105             105
c,m:         11781905,              106             106
c,m:         12076379,              107             107
c,m:          4102046,              108             108
c,m:          7489141,              109             109
c,m:         10064473,              110             110
c,m:         11021368,              111             111
c,m:          9557550,              112             112
c,m:          3832849,              113             113
c,m:         15190628,              114             114
c,m:         11653165,              115             115
c,m:          1523704,              116             116
c,m:         17375704,              117             117
c,m:          7161253,              118             118
c,m:          9555573,              119             119
c,m:          5777570,              120             120
c,m:         11416169,              121             121
c,m:          1065534,              122             122
c,m:         17000729,              123             123
c,m:          7860287,              124             124
c,m:         16577275,              125             125
c,m:          1913442,              126             126
c,m:           442632,              127             127
c,m:          1239738,              128             128
c,m:          5292707,              129             129
c,m:          3691970,              130             130
c,m:         10739677,              131             131
c,m:          3097281,              132             132
c,m:          6826883,              133             133
c,m:          4590395,              134             134
c,m:         14375897,              135             135
c,m:         16414128,              136             136
c,m:         12932740,              137             137
c,m:         10099277,              138             138
c,m:          9999619,              139             139
c,m:         13996533,              140             140
c,m:           167143,              141             141
c,m:          1043018,              142             142
c,m:         14027058,              143             143
c,m:          8546725,              144             144
c,m:          3038019,              145             145
c,m:          9775766,              146             146
c,m:         17034195,              147             147
c,m:         11248806,              148             148
c,m:         13441954,              149             149
c,m:          7165377,              150             150
c,m:          2605734,              151             151
c,m:         10601339,              152             152
c,m:         14326486,              153             153
c,m:         10627874,              154             154
c,m:          9376724,              155             155
c,m:          8198358,              156             156
c,m:         15470360,              157             157
c,m:         13328210,              158             158
c,m:         14607761,              159             159
c,m:         10977426,              160             160
c,m:          4286670,              161             161
c,m:          6467828,              162             162
c,m:          9581854,              163             163
c,m:         12661670,              164             164
c,m:         11830861,              165             165
c,m:           139015,              166             166
c,m:          5950079,              167             167
c,m:          4781730,              168             168
c,m:          7521241,              169             169
c,m:          8504375,              170             170
c,m:         15765122,              171             171
c,m:          1553969,              172             172
c,m:          2197722,              173             173
c,m:         10774980,              174             174
c,m:         15047179,              175             175
c,m:         12105488,              176             176
c,m:         12498989,              177             177
c,m:          8520427,              178             178
c,m:         12116024,              179             179
c,m:         11168042,              180             180
c,m:          9026282,              181             181
c,m:          3227189,              182             182
c,m:         11002686,              183             183
c,m:          4830439,              184             184
c,m:         14714609,              185             185
c,m:          1384111,              186             186
c,m:         17463541,              187             187
c,m:         16192075,              188             188
c,m:         17179467,              189             189
c,m:          8356831,              190             190
c,m:          1929924,              191             191
c,m:          9734490,              192             192
c,m:         16828841,              193             193
c,m:         14282934,              194             194
c,m:          5824347,              195             195
c,m:         10734798,              196             196
c,m:         12110674,              197             197
c,m:           435743,              198             198
c,m:         11445494,              199             199
c,m:          6907227,              200             200
c,m:           124990,              201             201
c,m:          4641545,              202             202
c,m:         13710419,              203             203
c,m:           863354,              204             204
c,m:          4211624,              205             205
c,m:          7935182,              206             206
c,m:         13398934,              207             207
c,m:         13128704,              208             208
c,m:          7742315,              209             209
c,m:          6804958,              210             210
c,m:          7386453,              211             211
c,m:         14150463,              212             212
c,m:         14932607,              213             213
c,m:         12965958,              214             214
c,m:         15791122,              215             215
c,m:          6051184,              216             216
c,m:         13164999,              217             217
c,m:         10150742,              218             218
c,m:         13071897,              219             219
c,m:          5453261,              220             220
c,m:          7224907,              221             221
c,m:          6637719,              222             222
c,m:         14742549,              223             223
c,m:          9589655,              224             224
c,m:          9111995,              225             225
c,m:          8717053,              226             226
c,m:            98531,              227             227
c,m:          5212565,              228             228
c,m:          9397360,              229             229
c,m:          6606727,              230             230
c,m:          3044699,              231             231
c,m:         11122199,              232             232
c,m:          1756464,              233             233
c,m:         11701686,              234             234
c,m:          3224080,              235             235
c,m:          8853613,              236             236
c,m:          6663208,              237             237
c,m:         15507171,              238             238
c,m:          5590010,              239             239
c,m:         13772820,              240             240
c,m:          4252828,              241             241
c,m:         13715141,              242             242
c,m:         14200901,              243             243
c,m:         13478286,              244             244
c,m:          7776140,              245             245
c,m:          9221004,              246             246
c,m:         15932392,              247             247
c,m:          3105741,              248             248
c,m:          7230372,              249             249
c,m:         16541882,              250             250
c,m:         16689565,              251             251
c,m:          8762914,              252             252
c,m:         13316628,              253             253
c,m:          5056680,              254             254
c,m:         11948065,              255             255
c,m:          7737101,              256             256
c,m:          6349766,              257             257
c,m:         10823260,              258             258
c,m:          7029733,              259             259
c,m:          5497603,              260             260
c,m:          6906958,              261             261
c,m:          3855575,              262             262
c,m:         12443147,              263             263
c,m:          7197672,              264             264
c,m:         12942300,              265             265
c,m:         12536793,              266             266
c,m:          5262206,              267             267
c,m:         11479821,              268             268
c,m:          8197562,              269             269
c,m:          3932083,              270             270
c,m:         17571044,              271             271
c,m:           900608,              272             272
c,m:            80516,              273             273
c,m:          2785753,              274             274
c,m:          5137172,              275             275
c,m:         10343700,              276             276
c,m:         15932904,              277             277
c,m:          7010212,              278             278
c,m:          7117705,              279             279
c,m:         12072422,              280             280
c,m:          8803976,              281             281
c,m:         10664366,              282             282
c,m:         15947151,              283             283
c,m:         15234339,              284             284
c,m:         13602303,              285             285
c,m:          9115029,              286             286
c,m:         14067570,              287             287
c,m:          3244347,              288             288
c,m:           101149,              289             289
c,m:          1787233,              290             290
c,m:         16884881,              291             291
c,m:          3147249,              292             292
c,m:          4064258,              293             293
c,m:         13184577,              294             294
c,m:          2900082,              295             295
c,m:          2698563,              296             296
c,m:          6287686,              297             297
c,m:           266014,              298             298
c,m:         14975782,              299             299
c,m:           193548,              300             300
c,m:         14812531,              301             301
c,m:          3876655,              302             302
c,m:         13683371,              303             303
c,m:            48573,              304             304
c,m:         12907845,              305             305
c,m:          1291994,              306             306
c,m:         16037194,              307             307
c,m:          9555491,              308             308
c,m:          1172234,              309             309
c,m:          5735601,              310             310
c,m:          8657375,              311             311
c,m:          7527328,              312             312
c,m:         12172701,              313             313
c,m:          6367764,              314             314
c,m:         12271481,              315             315
c,m:         11117634,              316             316
c,m:         14183239,              317             317
c,m:          8526860,              318             318
c,m:         12536920,              319             319
c,m:         15043620,              320             320
c,m:          1361683,              321             321
c,m:         11927172,              322             322
c,m:         12117622,              323             323
c,m:          5726371,              324             324
c,m:         10519323,              325             325
c,m:          9924584,              326             326
c,m:          3204237,              327             327
c,m:          5247258,              328             328
c,m:          9557986,              329             329
c,m:          6034942,              330             330
c,m:         12027646,              331             331
c,m:          1579623,              332             332
c,m:          9582934,              333             333
c,m:         14577225,              334             334
c,m:          6127169,              335             335
c,m:         10946137,              336             336
c,m:          6325714,              337             337
c,m:         10405732,              338             338
c,m:         16044089,              339             339
c,m:         12725427,              340             340
c,m:          8006719,              341             341
c,m:          6549961,              342             342
c,m:         16954713,              343             343
c,m:         15567949,              344             344
c,m:          1377883,              345             345
c,m:          1733488,              346             346
c,m:         15219340,              347             347
c,m:          8943675,              348             348
c,m:         11068772,              349             349
c,m:           406446,              350             350
c,m:         10921095,              351             351
c,m:          5373932,              352             352
c,m:          2272556,              353             353
c,m:          8367909,              354             354
c,m:         14027578,              355             355
c,m:          4900580,              356             356
c,m:         14377433,              357             357
c,m:          2618091,              358             358
c,m:         10860915,              359             359
c,m:         15681887,              360             360
c,m:          8270933,              361             361
c,m:          7895639,              362             362
c,m:           661068,              363             363
c,m:          8539335,              364             364
c,m:         11466112,              365             365
c,m:         14141118,              366             366
c,m:          9232929,              367             367
c,m:         12845381,              368             368
c,m:          4269947,              369             369
c,m:          8634008,              370             370
c,m:          9530809,              371             371
c,m:          8124042,              372             372
c,m:         12095712,              373             373
c,m:          4719304,              374             374
c,m:          2820917,              375             375
c,m:         11846148,              376             376
c,m:          9748072,              377             377
c,m:           130999,              378             378
c,m:          8669259,              379             379
c,m:          4535952,              380             380
c,m:         15375802,              381             381
c,m:          9170663,              382             382
c,m:          5578071,              383             383
c,m:          1312768,              384             384
c,m:         15985084,              385             385
c,m:           578755,              386             386
c,m:         13163574,              387             387
c,m:          7743005,              388             388
c,m:         10722332,              389             389
c,m:         11171313,              390             390
c,m:         17541591,              391             391
c,m:         12102521,              392             392
c,m:          4970493,              393             393
c,m:          2029157,              394             394
c,m:          8419158,              395             395
c,m:          2393319,              396             396
c,m:          5450305,              397             397
c,m:         16550980,              398             398
c,m:          7987605,              399             399
c,m:         15401526,              400             400
c,m:          6573702,              401             401
c,m:          4017117,              402             402
c,m:         13145500,              403             403
c,m:         16796939,              404             404
c,m:         11321664,              405             405
c,m:          5421087,              406             406
c,m:         13435311,              407             407
c,m:         12404558,              408             408
c,m:          6425002,              409             409
c,m:          7486340,              410             410
c,m:          3927376,              411             411
c,m:         16422382,              412             412
c,m:         13060035,              413             413
c,m:          2836218,              414             414
c,m:         17310864,              415             415
c,m:          3850718,              416             416
c,m:          7479473,              417             417
c,m:         11370237,              418             418
c,m:         16938747,              419             419
c,m:          2445990,              420             420
c,m:          5255222,              421             421
c,m:         15508565,              422             422
c,m:          9100576,              423             423
c,m:         14874388,              424             424
c,m:         10778668,              425             425
c,m:          7364790,              426             426
c,m:          3696538,              427             427
c,m:          4658421,              428             428
c,m:          5227766,              429             429
c,m:           311297,              430             430
c,m:         12811038,              431             431
c,m:         14400771,              432             432
c,m:          8064125,              433             433
c,m:          9940434,              434             434
c,m:         13018710,              435             435
c,m:          2023201,              436             436
c,m:         15040332,              437             437
c,m:          4806714,              438             438
c,m:          5795129,              439             439
c,m:         15106108,              440             440
c,m:          5356868,              441             441
c,m:          5011503,              442             442
c,m:          7082174,              443             443
c,m:          8783152,              444             444
c,m:          7093514,              445             445
c,m:          3555422,              446             446
c,m:         15416963,              447             447
c,m:         13194747,              448             448
c,m:         16055222,              449             449
c,m:          2004786,              450             450
c,m:          7003555,              451             451
c,m:         15370289,              452             452
c,m:         16101656,              453             453
c,m:          7938518,              454             454
c,m:         14717994,              455             455
c,m:          9989861,              456             456
c,m:         14258118,              457             457
c,m:          8419662,              458             458
c,m:          2158636,              459             459
c,m:          3112089,              460             460
c,m:          9668512,              461             461
c,m:         15712921,              462             462
c,m:         10769316,              463             463
c,m:         11621694,              464             464
c,m:          8660203,              465             465
c,m:          2982854,              466             466
c,m:          6306462,              467             467
c,m:          7282629,              468             468
c,m:          4161786,              469             469
c,m:         11061648,              470             470
c,m:         11966272,              471             471
c,m:          3366227,              472             472
c,m:          8419043,              473             473
c,m:          3711286,              474             474
c,m:         15270132,              475             475
c,m:          6170502,              476             476
c,m:          1978405,              477             477
c,m:         10852672,              478             478
c,m:         11636932,              479             479
c,m:         10489674,              480             480
c,m:          9837200,              481             481
c,m:          6999481,              482             482
c,m:          6123721,              483             483
c,m:          9363521,              484             484
c,m:          4299748,              485             485
c,m:         12570078,              486             486
c,m:          9562199,              487             487
c,m:          8470525,              488             488
c,m:          1138615,              489             489
c,m:         12071610,              490             490
c,m:           256973,              491             491
c,m:          6752090,              492             492
c,m:         15029543,              493             493
c,m:          4074101,              494             494
c,m:          5521621,              495             495
c,m:         12773996,              496             496
c,m:           798549,              497             497
c,m:         16123567,              498             498
c,m:         11208938,              499             499
c,m:         10329977,              500             500
c,m:         12622894,              501             501
c,m:          3097897,              502             502
c,m:          3532184,              503             503
c,m:          5494135,              504             504
c,m:          7567607,              505             505
c,m:         12612264,              506             506
c,m:          5314335,              507             507
c,m:         13000326,              508             508
c,m:          3565420,              509             509
c,m:         11028619,              510             510
c,m:          6228424,              511             511
c,m:          1280024,              512             512
c,m:          1503882,              513             513
c,m:          2242810,              514             514
c,m:         13217219,              515             515
c,m:          6159677,              516             516
c,m:            39991,              517             517
c,m:          5230563,              518             518
c,m:          3931186,              519             519
c,m:         17645972,              520             520
c,m:         16346993,              521             521
c,m:         13637559,              522             522
c,m:          9699573,              523             523
c,m:         14992753,              524             524
c,m:          9465879,              525             525
c,m:          9853026,              526             526
c,m:         12871085,              527             527
c,m:          3888396,              528             528
c,m:         10979172,              529             529
c,m:          2190642,              530             530
c,m:         10453780,              531             531
c,m:          8190890,              532             532
c,m:         13125455,              533             533
c,m:         15368569,              534             534
c,m:         14198841,              535             535
c,m:         13710985,              536             536
c,m:          7391922,              537             537
c,m:         13400451,              538             538
c,m:          7084653,              539             539
c,m:         11325749,              540             540
c,m:         17156054,              541             541
c,m:          9810971,              542             542
c,m:          3600996,              543             543
c,m:          3884591,              544             544
c,m:          1698057,              545             545
c,m:         15132367,              546             546
c,m:          1222600,              547             547
c,m:          2521736,              548             548
c,m:         11757221,              549             549
c,m:          7331310,              550             550
c,m:         14903804,              551             551
c,m:         12550930,              552             552
c,m:         10909424,              553             553
c,m:          6636553,              554             554
c,m:          3472313,              555             555
c,m:         12440360,              556             556
c,m:          6640260,              557             557
c,m:         11977521,              558             558
c,m:          4144812,              559             559
c,m:          6134695,              560             560
c,m:         14471027,              561             561
c,m:          2402383,              562             562
c,m:         13389153,              563             563
c,m:          9855217,              564             564
c,m:          4859914,              565             565
c,m:          1469944,              566             566
c,m:          1858889,              567             567
c,m:          4210584,              568             568
c,m:         14472996,              569             569
c,m:          6083853,              570             570
c,m:          9245196,              571             571
c,m:         12411515,              572             572
c,m:          5866143,              573             573
c,m:          8385589,              574             574
c,m:          9241408,              575             575
c,m:          3961424,              576             576
c,m:          7852700,              577             577
c,m:         13277690,              578             578
c,m:          2420159,              579             579
c,m:         15357420,              580             580
c,m:         16423889,              581             581
c,m:          6446351,              582             582
c,m:          2375635,              583             583
c,m:         15067852,              584             584
c,m:         15467506,              585             585
c,m:          3463467,              586             586
c,m:         13348303,              587             587
c,m:         10870214,              588             588
c,m:         15346381,              589             589
c,m:          1613968,              590             590
c,m:          2671524,              591             591
c,m:         11052754,              592             592
c,m:          9088886,              593             593
c,m:         12593297,              594             594
c,m:          7118386,              595             595
c,m:          4609073,              596             596
c,m:         12198801,              597             597
c,m:         13903152,              598             598
c,m:          1058677,              599             599
c,m:          9029079,              600             600
c,m:         14524052,              601             601
c,m:          5405595,              602             602
c,m:          2926855,              603             603
c,m:          8172628,              604             604
c,m:          2221992,              605             605
c,m:          1927618,              606             606
c,m:         14155350,              607             607
c,m:          6493406,              608             608
c,m:          7213648,              609             609
c,m:         17787287,              610             610
c,m:          5363515,              611             611
c,m:          7654352,              612             612
c,m:          4264444,              613             613
c,m:          2447092,              614             614
c,m:         16347254,              615             615
c,m:         16092469,              616             616
c,m:          2239394,              617             617
c,m:         13190576,              618             618
c,m:          5402169,              619             619
c,m:          1082152,              620             620
c,m:          3356195,              621             621
c,m:          2771474,              622             622
c,m:          4979115,              623             623
c,m:          8388245,              624             624
c,m:          7107610,              625             625
c,m:         12457827,              626             626
c,m:          2132596,              627             627
c,m:          4905731,              628             628
c,m:         10578934,              629             629
c,m:         10195168,              630             630
c,m:         10850400,              631             631
c,m:         12441255,              632             632
c,m:         11579441,              633             633
c,m:          5862084,              634             634
c,m:          3613395,              635             635
c,m:          2717308,              636             636
c,m:          6908681,              637             637
c,m:          7821895,              638             638
c,m:         15741101,              639             639
c,m:         14449430,              640             640
c,m:          8612947,              641             641
c,m:          8764493,              642             642
c,m:          5001921,              643             643
c,m:         14402920,              644             644
c,m:         16290794,              645             645
c,m:          4044219,              646             646
c,m:          8860462,              647             647
c,m:          3280759,              648             648
c,m:         13754448,              649             649
c,m:         13402281,              650             650
c,m:            84443,              651             651
c,m:         10455051,              652             652
c,m:         13312026,              653             653
c,m:         12709142,              654             654
c,m:          1784971,              655             655
c,m:         10861412,              656             656
c,m:         11367736,              657             657
c,m:          4017980,              658             658
c,m:         13579027,              659             659
c,m:          9210276,              660             660
c,m:         10614778,              661             661
c,m:         11451395,              662             662
c,m:         10063162,              663             663
c,m:           806164,              664             664
c,m:         16587893,              665             665
c,m:          3574099,              666             666
c,m:          9222064,              667             667
c,m:           542047,              668             668
c,m:         16897645,              669             669
c,m:          5878056,              670             670
c,m:          8386680,              671             671
c,m:          1119163,              672             672
c,m:          2526524,              673             673
c,m:         15085848,              674             674
c,m:         11738897,              675             675
c,m:         17424934,              676             676
c,m:         15954267,              677             677
c,m:         12235351,              678             678
c,m:          3640515,              679             679
c,m:         15229517,              680             680
c,m:         12204848,              681             681
c,m:          6617759,              682             682
c,m:          4714502,              683             683
c,m:         11684305,              684             684
c,m:         16073834,              685             685
c,m:         12532762,              686             686
c,m:          3528101,              687             687
c,m:         16945798,              688             688
c,m:         13389002,              689             689
c,m:          6713664,              690             690
c,m:         16608158,              691             691
c,m:          2438738,              692             692
c,m:         13496528,              693             693
c,m:         15864161,              694             694
c,m:          4489691,              695             695
c,m:         14150438,              696             696
c,m:         10095262,              697             697
c,m:          8072937,              698             698
c,m:          5930266,              699             699
c,m:          3574919,              700             700
c,m:          4278575,              701             701
c,m:          8414816,              702             702
c,m:         12706589,              703             703
c,m:          2614422,              704             704
c,m:         15393335,              705             705
c,m:          8877943,              706             706
c,m:          1339949,              707             707
c,m:         10758498,              708             708
c,m:          8970073,              709             709
c,m:           872882,              710             710
c,m:          4687747,              711             711
c,m:          8885234,              712             712
c,m:         15169244,              713             713
c,m:         16753516,              714             714
c,m:          6186403,              715             715
c,m:           103015,              716             716
c,m:          9133667,              717             717
c,m:         11670662,              718             718
c,m:          2731897,              719             719
c,m:          7018847,              720             720
c,m:         15174459,              721             721
c,m:          6202444,              722             722
c,m:         17243118,              723             723
c,m:          3333287,              724             724
c,m:         10084834,              725             725
c,m:         14630702,              726             726
c,m:         11817352,              727             727
c,m:          8383405,              728             728
c,m:         16146111,              729             729
c,m:          4495577,              730             730
c,m:         11406509,              731             731
c,m:          1829315,              732             732
c,m:          6622384,              733             733
c,m:         15237180,              734             734
c,m:          4781368,              735             735
c,m:         13158406,              736             736
c,m:         16622667,              737             737
c,m:          1756105,              738             738
c,m:         10551893,              739             739
c,m:         14122772,              740             740
c,m:          7465191,              741             741
c,m:         17097368,              742             742
c,m:          1181473,              743             743
c,m:          7333284,              744             744
c,m:          4488524,              745             745
c,m:          7022573,              746             746
c,m:         11195393,              747             747
c,m:           246361,              748             748
c,m:         14734590,              749             749
c,m:          5529883,              750             750
c,m:         16558496,              751             751
c,m:         17130509,              752             752
c,m:         17576300,              753             753
c,m:          1210112,              754             754
c,m:          6596956,              755             755
c,m:         16077461,              756             756
c,m:          1370334,              757             757
c,m:         16145238,              758             758
c,m:           103154,              759             759
c,m:         16310468,              760             760
c,m:          3850894,              761             761
c,m:          2402642,              762             762
c,m:         13586509,              763             763
c,m:          6363295,              764             764
c,m:         12556645,              765             765
c,m:          9151995,              766             766
c,m:          4870207,              767             767
c,m:         13658220,              768             768
c,m:          4337238,              769             769
c,m:           870482,              770             770
c,m:          6389068,              771             771
c,m:         11084008,              772             772
c,m:          4237362,              773             773
c,m:          3550568,              774             774
c,m:         12595373,              775             775
c,m:          1263381,              776             776
c,m:          3989196,              777             777
c,m:         12808186,              778             778
c,m:           437111,              779             779
c,m:          1165752,              780             780
c,m:         17472254,              781             781
c,m:         16765633,              782             782
c,m:          6924556,              783             783
c,m:         11099321,              784             784
c,m:         16839835,              785             785
c,m:          9055517,              786             786
c,m:          3985486,              787             787
c,m:         12868934,              788             788
c,m:         12253351,              789             789
c,m:         17601126,              790             790
c,m:          8687281,              791             791
c,m:          6930005,              792             792
c,m:         13225667,              793             793
c,m:          7973079,              794             794
c,m:          9839363,              795             795
c,m:         12411671,              796             796
c,m:          7579571,              797             797
c,m:         14535159,              798             798
c,m:          6768681,              799             799
c,m:         11094275,              800             800
c,m:           861227,              801             801
c,m:          5107754,              802             802
c,m:         13496406,              803             803
c,m:         15557596,              804             804
c,m:          2948449,              805             805
c,m:          2818153,              806             806
c,m:          1338514,              807             807
c,m:          5657896,              808             808
c,m:          1299657,              809             809
c,m:          9635106,              810             810
c,m:         10584815,              811             811
c,m:          3189930,              812             812
c,m:         10015762,              813             813
c,m:          6989019,              814             814
c,m:         13125919,              815             815
c,m:         15437184,              816             816
c,m:          9378345,              817             817
c,m:          1033998,              818             818
c,m:           140984,              819             819
c,m:         11379523,              820             820
c,m:          3075395,              821             821
c,m:         17275679,              822             822
c,m:          7207462,              823             823
c,m:         12359876,              824             824
c,m:         11433425,              825             825
c,m:         12398649,              826             826
c,m:          7194397,              827             827
c,m:         16629338,              828             828
c,m:          5167951,              829             829
c,m:          9300779,              830             830
c,m:         14719969,              831             831
c,m:         13132324,              832             832
c,m:         16256134,              833             833
c,m:          5584920,              834             834
c,m:          9516673,              835             835
c,m:           804729,              836             836
c,m:          2526128,              837             837
c,m:          8419697,              838             838
c,m:         12913298,              839             839
c,m:         13398545,              840             840
c,m:         12672234,              841             841
c,m:         10981239,              842             842
c,m:          5080657,              843             843
c,m:         13732582,              844             844
c,m:         16277256,              845             845
c,m:         15093647,              846             846
c,m:         13266240,              847             847
c,m:         12963371,              848             848
c,m:         15022428,              849             849
c,m:         12356422,              850             850
c,m:           329472,              851             851
c,m:         10299576,              852             852
c,m:          4354873,              853             853
c,m:           395401,              854             854
c,m:         16692909,              855             855
c,m:          8311107,              856             856
c,m:           890045,              857             857
c,m:         15526020,              858             858
c,m:         14342320,              859             859
c,m:         10279095,              860             860
c,m:          3079105,              861             861
c,m:         16172744,              862             862
c,m:          1675934,              863             863
c,m:          4622420,              864             864
c,m:          7252401,              865             865
c,m:         12961594,              866             866
c,m:         11358086,              867             867
c,m:         11289455,              868             868
c,m:         15428283,              869             869
c,m:         15641015,              870             870
c,m:         11740296,              871             871
c,m:         10516274,              872             872
c,m:         11960562,              873             873
c,m:          8395272,              874             874
c,m:          5783536,              875             875
c,m:           907424,              876             876
c,m:         12403460,              877             877
c,m:           865045,              878             878
c,m:         17444291,              879             879
c,m:         12440198,              880             880
c,m:          4194887,              881             881
c,m:          7093770,              882             882
c,m:          9895452,              883             883
c,m:          8676125,              884             884
c,m:          2806272,              885             885
c,m:          6650493,              886             886
c,m:         12620542,              887             887
c,m:         15240249,              888             888
c,m:         10378959,              889             889
c,m:          1460544,              890             890
c,m:          3060327,              891             891
c,m:         12626309,              892             892
c,m:          2576469,              893             893
c,m:          6009667,              894             894
c,m:           377861,              895             895
c,m:         12570321,              896             896
c,m:           589617,              897             897
c,m:         12078237,              898             898
c,m:          4554751,              899             899
c,m:           529775,              900             900
c,m:         15068650,              901             901
c,m:          1981359,              902             902
c,m:         16544528,              903             903
c,m:          2721149,              904             904
c,m:          5425877,              905             905
c,m:          6624711,              906             906
c,m:         12797913,              907             907
c,m:         17072464,              908             908
c,m:         17538068,              909             909
c,m:         11943304,              910             910
c,m:           683365,              911             911
c,m:          7964348,              912             912
c,m:          5586986,              913             913
c,m:          4585463,              914             914
c,m:          6517991,              915             915
c,m:         17582092,              916             916
c,m:         12679876,              917             917
c,m:         10132968,              918             918
c,m:         10443383,              919             919
c,m:          1973117,              920             920
c,m:         12679468,              921             921
c,m:         14995434,              922             922
c,m:          3123819,              923             923
c,m:         12322778,              924             924
c,m:          4672696,              925             925
c,m:         15011402,              926             926
c,m:         13282816,              927             927
c,m:         16697398,              928             928
c,m:         11793593,              929             929
c,m:         11465663,              930             930
c,m:          1780464,              931             931
c,m:          2461062,              932             932
c,m:          2743596,              933             933
c,m:          7917348,              934             934
c,m:          4746016,              935             935
c,m:          2783986,              936             936
c,m:          7625904,              937             937
c,m:          4076296,              938             938
c,m:         15534481,              939             939
c,m:         14643490,              940             940
c,m:         10713890,              941             941
c,m:         17467020,              942             942
c,m:         15687632,              943             943
c,m:          4668206,              944             944
c,m:          2226817,              945             945
c,m:         10368799,              946             946
c,m:          2732467,              947             947
c,m:           355925,              948             948
c,m:         12671098,              949             949
c,m:         15696349,              950             950
c,m:          6634706,              951             951
c,m:          4136996,              952             952
c,m:         12945611,              953             953
c,m:          5447069,              954             954
c,m:         16975508,              955             955
c,m:          2627045,              956             956
c,m:         15691328,              957             957
c,m:         14986386,              958             958
c,m:          6650491,              959             959
c,m:         17502396,              960             960
c,m:           438122,              961             961
c,m:          8207310,              962             962
c,m:          5107258,              963             963
c,m:          1494191,              964             964
c,m:         15325906,              965             965
c,m:          1838530,              966             966
c,m:         14102402,              967             967
c,m:          4325292,              968             968
c,m:           589259,              969             969
c,m:          2367826,              970             970
c,m:          1323131,              971             971
c,m:         13335206,              972             972
c,m:          4601574,              973             973
c,m:           976371,              974             974
c,m:         16075335,              975             975
c,m:         10067417,              976             976
c,m:         15519975,              977             977
c,m:         16441274,              978             978
c,m:            33513,              979             979
c,m:         16022523,              980             980
c,m:          7353240,              981             981
c,m:         13438376,              982             982
c,m:         14026013,              983             983
c,m:          6699642,              984             984
c,m:          5247804,              985             985
c,m:         12138026,              986             986
c,m:           424579,              987             987
c,m:         16008973,              988             988
c,m:         12680876,              989             989
c,m:          2756255,              990             990
c,m:          4082895,              991             991
c,m:         11336307,              992             992
c,m:         11145085,              993             993
c,m:          9504411,              994             994
c,m:          1195828,              995             995
c,m:          8511602,              996             996
c,m:         16248430,              997             997
c,m:         16598385,              998             998
c,m:         11995300,              999             999
c,m:          6090231,             1000            1000
c,m:         12910984,             1001            1001
c,m:         10175525,             1002            1002
c,m:          2223218,             1003            1003
c,m:         15371858,             1004            1004
c,m:         16110379,             1005            1005
c,m:         12959101,             1006            1006
c,m:         12032783,             1007            1007
c,m:          1045916,             1008            1008
c,m:          7130339,             1009            1009
c,m:          5267674,             1010            1010
c,m:         11585776,             1011            1011
c,m:         11802482,             1012            1012
c,m:         12647203,             1013            1013
c,m:          1824839,             1014            1014
c,m:         14731082,             1015            1015
c,m:           619097,             1016            1016
c,m:         12642212,             1017            1017
c,m:         13542642,             1018            1018
c,m:         17034302,             1019            1019
c,m:          4296010,             1020            1020
c,m:         11093515,             1021            1021
c,m:          8704767,             1022            1022
c,m:          6166096,             1023            1023





-------------------------------[ Fortran part right here ]--------------------------------
test.f90                                                                           Compile
test.f90                                                                               Run
 Total Sum:    984501026





------------------------------------[ Simulatie-tijd ]------------------------------------
2024_07_09__19_00_09 -\> 2024_07_09__19_00_11:                                 00h 00m 02s
