Created At "2024_07_09__23_53_23"





----------------------------------[ Listing all Files ]-----------------------------------
total 388K
drwxr-xr-x  5 yarne yarne 4.0K Jul  9 23:35 ./
drwxr-x--- 21 yarne yarne 320K Jul  9 22:07 ../
drwxr-xr-x  2 yarne yarne 4.0K Jul  9 23:35 C/
drwxr-xr-x  3 yarne yarne 4.0K Jul  9 19:32 LATEX/
-rw-r--r--  1 yarne yarne  774 Jul  9 23:53 Meeting1.cpp
drwxr-xr-x  5 yarne yarne 4.0K Jul  9 23:53 OUTPUT/
-rwxr-xr-x  1 yarne yarne 6.0K Jul  9 23:35 run1.sh*
-rw-r--r--  1 yarne yarne 5.4K Jul  9 19:02 test.cpp
-rw-r--r--  1 yarne yarne  633 Jun 27 23:21 test.f90
-rw-r--r--  1 yarne yarne 1.4K Jul  9 18:54 test.log
-rw-r--r--  1 yarne yarne 2.4K Jun 20 00:02 test.py
-rw-r--r--  1 yarne yarne 6.9K Jul  9 18:02 test.sty
-rw-r--r--  1 yarne yarne  417 Jul  9 18:30 test.tex
-rw-r--r--  1 yarne yarne  651 Jan 30  2023 vb_21.tex





----------------------------------[ C part right here ]-----------------------------------
Meeting1.cpp                                                                       Compile
Meeting1.cpp:34:11: error: invalid use of non-static data member ‘LWE::n’
   34 |     int a[n];
      |           ^
Meeting1.cpp:33:9: note: declared here
   33 |     int n = 5;
      |         ^





------------------------------------[ Simulatie-tijd ]------------------------------------
2024_07_09__23_53_23 -\> 2024_07_09__23_53_23:                                 00h 00m 00s
