Created At "2024_07_10__00_20_01"





----------------------------------[ Listing all Files ]-----------------------------------
total 388K
drwxr-xr-x  5 yarne yarne 4.0K Jul  9 23:35 ./
drwxr-x--- 21 yarne yarne 320K Jul  9 22:07 ../
drwxr-xr-x  2 yarne yarne 4.0K Jul  9 23:35 C/
drwxr-xr-x  3 yarne yarne 4.0K Jul  9 19:32 LATEX/
-rw-r--r--  1 yarne yarne 1.3K Jul 10 00:20 Meeting1.cpp
drwxr-xr-x  5 yarne yarne 4.0K Jul 10 00:20 OUTPUT/
-rwxr-xr-x  1 yarne yarne 6.0K Jul  9 23:35 run1.sh*
-rw-r--r--  1 yarne yarne 5.4K Jul  9 19:02 test.cpp
-rw-r--r--  1 yarne yarne  633 Jun 27 23:21 test.f90
-rw-r--r--  1 yarne yarne 1.4K Jul  9 18:54 test.log
-rw-r--r--  1 yarne yarne 2.4K Jun 20 00:02 test.py
-rw-r--r--  1 yarne yarne 6.9K Jul  9 18:02 test.sty
-rw-r--r--  1 yarne yarne  417 Jul  9 18:30 test.tex
-rw-r--r--  1 yarne yarne  651 Jan 30  2023 vb_21.tex





----------------------------------[ C part right here ]-----------------------------------
Meeting1.cpp                                                                       Compile
Meeting1.cpp                                                                           Run
359, 105, 81, 74, 809, 927753873, 4113, 0, 741946675, 892350752, 825761836, 876027948, 808984620, 958409785, 892811058, 859256883, 825499692, 539767601, 924855344, 876163380, 892810806, 959979564, 808792882, 741487927, 892483616, 942749239, 539768371, 808859448, 876164914, 941632568, 943274032, 808597044, 892936236, 959460408, 741685303, 842610720, 808530232, 539768885, 842609976, 943207989, 941632563, 959722802, 842610233, 859119660, 926299961, 741421110, 875706656, 859125048, 539767860, 825636664, 942879542, 941632560, 825766457, 909129776, 892936236, 959920441, 741619253, 942684192, 942815543, 539767352, 875639863, 842610488, 941632567, 942944825, 909194803, 876159020, 959723314, 741946162, 959657248, 859321911, 539767095, 943206456, 875837749, 941632568, 909194807, 875641140, 876159020, 842217009, 741881397, 859060512, 808728370, 539767347, 892874808, 875575097, 941632564, 859386425, 909324854, 892936236, 808858681, 741879860, 825505568, 859125814, 539767600, 909259832, 842477617, 941632560, 859125808, 842215984, 859119660, 943077177, 





------------------------------------[ Simulatie-tijd ]------------------------------------
2024_07_10__00_20_01 -\> 2024_07_10__00_20_02:                                 00h 00m 01s
